[Licensing::Module] Trying to connect to existing licensing client channel...
Built from '6000.3/staging' branch; Version is '6000.3.10f1 (e35f0c77bd8e) revision 14901004'; Using compiler version '194234433'; Build Type 'Release'
[Licensing::IpcConnector] Successfully connected to: "LicenseClient-Monster" at "2026-03-19T00:01:21.1609354Z"
OS: 'Windows 10  (10.0.19045) 64bit Professional' Language: 'tr' Physical Memory: 16242 MB
BatchMode: 1, IsHumanControllingUs: 0, StartBugReporterOnCrash: 0, Is64bit: 1
System  architecture: x64
Process architecture: x64
Date: 2026-03-19T00:01:21Z

COMMAND LINE ARGUMENTS:
C:\Program Files\Unity\Hub\Editor\6000.3.10f1\Editor\Unity.exe
-adb2
-batchMode
-noUpm
-name
AssetImportWorker1
-projectPath
D:/gitproject/CENG454-HW1-irem-gulce-bagir-230446409-
-logFile
Logs/AssetImportWorker1.log
-srvPort
62910
-licensingIpc
LicenseClient-Monster
-job-worker-count
5
-background-job-worker-count
8
-gc-helper-count
1
-name
AssetImport
Successfully changed project path to: D:/gitproject/CENG454-HW1-irem-gulce-bagir-230446409-
D:/gitproject/CENG454-HW1-irem-gulce-bagir-230446409-
[UnityMemory] Configuration Parameters - Can be set up in boot.config
    "memorysetup-temp-allocator-size-nav-mesh-worker=65536"
    "memorysetup-temp-allocator-size-audio-worker=65536"
    "memorysetup-temp-allocator-size-gfx=262144"
    "memorysetup-allocator-temp-initial-block-size-main=262144"
    "memorysetup-allocator-temp-initial-block-size-worker=262144"
    "memorysetup-temp-allocator-size-background-worker=32768"
    "memorysetup-temp-allocator-size-job-worker=262144"
    "memorysetup-temp-allocator-size-preload-manager=33554432"
    "memorysetup-temp-allocator-size-gi-baking-worker=262144"
    "memorysetup-temp-allocator-size-gi-baking-worker=262144"
    "memorysetup-temp-allocator-size-gi-baking-worker=262144"
    "memorysetup-temp-allocator-size-gi-baking-worker=262144"
    "memorysetup-temp-allocator-size-gi-baking-worker=262144"
    "memorysetup-bucket-allocator-granularity=16"
    "memorysetup-bucket-allocator-bucket-count=8"
    "memorysetup-bucket-allocator-block-size=33554432"
    "memorysetup-bucket-allocator-block-count=8"
    "memorysetup-main-allocator-block-size=16777216"
    "memorysetup-thread-allocator-block-size=16777216"
    "memorysetup-gfx-main-allocator-block-size=16777216"
    "memorysetup-gfx-thread-allocator-block-size=16777216"
    "memorysetup-cache-allocator-block-size=4194304"
    "memorysetup-typetree-allocator-block-size=2097152"
    "memorysetup-profiler-bucket-allocator-granularity=16"
    "memorysetup-profiler-bucket-allocator-bucket-count=8"
    "memorysetup-profiler-bucket-allocator-block-size=33554432"
    "memorysetup-profiler-bucket-allocator-block-count=8"
    "memorysetup-profiler-allocator-block-size=16777216"
    "memorysetup-profiler-editor-allocator-block-size=1048576"
    "memorysetup-temp-allocator-size-main=16777216"
    "memorysetup-job-temp-allocator-block-size=2097152"
    "memorysetup-job-temp-allocator-block-size-background=1048576"
    "memorysetup-job-temp-allocator-reduction-small-platforms=262144"
    "memorysetup-temp-allocator-size-cloud-worker=32768"
Player connection [44408]  Target information:

Player connection [44408]  * "[IP] 192.168.1.9 [Port] 0 [Flags] 2 [Guid] 1814554376 [EditorId] 1814554376 [Version] 1048832 [Id] WindowsEditor(7,DESKTOP-1K90AGT) [Debug] 1 [PackageName] WindowsEditor [ProjectName] Editor" 

Player connection [44408]  * "[IP] 172.20.176.1 [Port] 0 [Flags] 2 [Guid] 1814554376 [EditorId] 1814554376 [Version] 1048832 [Id] WindowsEditor(7,DESKTOP-1K90AGT) [Debug] 1 [PackageName] WindowsEditor [ProjectName] Editor" 

Player connection [44408] Host joined multi-casting on [225.0.0.222:54997]...
Player connection [44408] Host joined alternative multi-casting on [225.0.0.222:34997]...
JobSystem: Creating JobQueue using job-worker-count value 5
Input System module state changed to: Initialized.
[Physics::Module] Initialized fallback backend.
[Physics::Module] Id: 0xdecafbad
Library Redirect Path: Library/
[Physics::Module] Selected backend.
[Physics::Module] Name: PhysX
[Physics::Module] Id: 0xf2b8ea05
[Physics::Module] SDK Version: 4.1.2
[Physics::Module] Integration Version: 1.0.0
[Physics::Module] Threading Mode: Multi-Threaded
Refreshing native plugins compatible for Editor in 2.43 ms, found 3 plugins.
Preloading 0 native plugins for Editor in 0.00 ms.
Initialize engine version: 6000.3.10f1 (e35f0c77bd8e)
[Subsystems] Discovering subsystems at path C:/Program Files/Unity/Hub/Editor/6000.3.10f1/Editor/Data/Resources/UnitySubsystems
[Subsystems] Discovering subsystems at path D:/gitproject/CENG454-HW1-irem-gulce-bagir-230446409-/Assets
GfxDevice: creating device client; kGfxThreadingModeNonThreaded
Direct3D:
    Version:  Direct3D 11.0 [level 11.1]
    Renderer: NVIDIA GeForce GTX 1050 (ID=0x1c91)
    Vendor:   NVIDIA
    VRAM:     2981 MB
    Driver:   32.0.15.6590
Initialize mono
Mono path[0] = 'C:/Program Files/Unity/Hub/Editor/6000.3.10f1/Editor/Data/Managed'
Mono path[1] = 'C:/Program Files/Unity/Hub/Editor/6000.3.10f1/Editor/Data/MonoBleedingEdge/lib/mono/unityjit-win32'
Mono config path = 'C:/Program Files/Unity/Hub/Editor/6000.3.10f1/Editor/Data/MonoBleedingEdge/etc'
Using monoOptions --debugger-agent=transport=dt_socket,embedding=1,server=y,suspend=n,address=127.0.0.1:56520
Begin MonoManager ReloadAssembly
Registering precompiled unity dll's ...
Register platform support module: C:/Program Files/Unity/Hub/Editor/6000.3.10f1/Editor/Data/PlaybackEngines/WebGLSupport/UnityEditor.WebGL.Extensions.dll
Register platform support module: C:/Program Files/Unity/Hub/Editor/6000.3.10f1/Editor/Data/PlaybackEngines/WindowsStandaloneSupport/UnityEditor.WindowsStandalone.Extensions.dll
Registered in 0.002654 seconds.
- Loaded All Assemblies, in  0.505 seconds
Native extension for WindowsStandalone target not found
Native extension for WebGL target not found
ScheduleIndexationOnStartup MainProcess:False IndexOnStartup:True
Mono: successfully reloaded assembly
- Finished resetting the current domain, in  0.529 seconds
Domain Reload Profiling: 1031ms
	BeginReloadAssembly (152ms)
		ExecutionOrderSort (0ms)
		DisableScriptedObjects (0ms)
		BackupInstance (0ms)
		ReleaseScriptingObjects (0ms)
		CreateAndSetChildDomain (1ms)
	RebuildCommonClasses (54ms)
	RebuildNativeTypeToScriptingClass (17ms)
	initialDomainReloadingComplete (57ms)
	LoadAllAssembliesAndSetupDomain (222ms)
		LoadAssemblies (149ms)
		RebuildTransferFunctionScriptingTraits (0ms)
		AnalyzeDomain (218ms)
			TypeCache.Refresh (215ms)
				TypeCache.ScanAssembly (196ms)
			BuildScriptInfoCaches (1ms)
			ResolveRequiredComponents (1ms)
	FinalizeReload (530ms)
		ReleaseScriptCaches (0ms)
		RebuildScriptCaches (0ms)
		SetupLoadedEditorAssemblies (479ms)
			LogAssemblyErrors (0ms)
			InitializePlatformSupportModulesInManaged (70ms)
			SetLoadedEditorAssemblies (5ms)
			BeforeProcessingInitializeOnLoad (109ms)
			ProcessInitializeOnLoadAttributes (189ms)
			ProcessInitializeOnLoadMethodAttributes (107ms)
			AfterProcessingInitializeOnLoad (0ms)
			EditorAssembliesLoaded (0ms)
		ExecutionOrderSort2 (0ms)
		AwakeInstancesAfterBackupRestoration (0ms)
[Licensing::Client] Handshaking with LicensingClient:
  Version:                 1.17.4+4293ba1
  Session Id:              7c5c004a45df402cabbc2202b9b9d383
  Correlation Id:          f18276e6f467a3c33f708ad522450b64
  External correlation Id: 8630064271786428583
  Machine Id:              J0AYCW/0F/4UVNtk/jLv2UTu/yI=
[Licensing::Module] Successfully connected to LicensingClient on channel: "LicenseClient-Monster" (connect: 0.00s, validation: 0.00s, handshake: 1.78s)
[Licensing::IpcConnector] Successfully connected to: "LicenseClient-Monster-notifications" at "2026-03-19T00:01:22.946432Z"
[Licensing::Module] Licensing Background thread has ended after 1.79s
========================================================================
Worker process is ready to serve import requests
Import Worker Mode flag is 0x00
Begin MonoManager ReloadAssembly
[Licensing::Client] Successfully resolved entitlement details
[Licensing::Module] License group:
  Id: 18968392106978-UnityPersXXXX
  Product: Unity Personal
  Type: Assigned
  Expiration: Unlimited
- Loaded All Assemblies, in  0.935 seconds
Refreshing native plugins compatible for Editor in 0.55 ms, found 3 plugins.
Native extension for WindowsStandalone target not found
Native extension for WebGL target not found
Package Manager log level set to [2]
[Package Manager] Failed to launch server process. Reason: Unity was launched with the -noUpm command-line argument
[Package Manager] Unable to send message (not connected to server process).
[Package Manager] Cannot connect to Unity Package Manager local server
ScheduleIndexationOnStartup MainProcess:False IndexOnStartup:True
Mono: successfully reloaded assembly
- Finished resetting the current domain, in  0.863 seconds
Domain Reload Profiling: 1793ms
	BeginReloadAssembly (238ms)
		ExecutionOrderSort (0ms)
		DisableScriptedObjects (6ms)
		BackupInstance (0ms)
		ReleaseScriptingObjects (0ms)
		CreateAndSetChildDomain (37ms)
	RebuildCommonClasses (46ms)
	RebuildNativeTypeToScriptingClass (16ms)
	initialDomainReloadingComplete (46ms)
	LoadAllAssembliesAndSetupDomain (584ms)
		LoadAssemblies (394ms)
		RebuildTransferFunctionScriptingTraits (0ms)
		AnalyzeDomain (313ms)
			TypeCache.Refresh (214ms)
				TypeCache.ScanAssembly (197ms)
			BuildScriptInfoCaches (84ms)
			ResolveRequiredComponents (12ms)
	FinalizeReload (863ms)
		ReleaseScriptCaches (0ms)
		RebuildScriptCaches (0ms)
		SetupLoadedEditorAssemblies (632ms)
			LogAssemblyErrors (0ms)
			InitializePlatformSupportModulesInManaged (2ms)
			SetLoadedEditorAssemblies (5ms)
			BeforeProcessingInitializeOnLoad (172ms)
			ProcessInitializeOnLoadAttributes (373ms)
			ProcessInitializeOnLoadMethodAttributes (70ms)
			AfterProcessingInitializeOnLoad (10ms)
			EditorAssembliesLoaded (0ms)
		ExecutionOrderSort2 (0ms)
		AwakeInstancesAfterBackupRestoration (10ms)
Launched and connected shader compiler UnityShaderCompiler.exe after 0.02 seconds
Refreshing native plugins compatible for Editor in 0.61 ms, found 3 plugins.
Preloading 0 native plugins for Editor in 0.00 ms.
Unloading 16 Unused Serialized files (Serialized files now loaded: 0)
Unloading 6186 unused Assets / (4.0 MB). Loaded Objects now: 6985.
Memory consumption went from 145.6 MB to 141.6 MB.
Total: 10.002200 ms (FindLiveObjects: 0.731900 ms CreateObjectMapping: 1.037600 ms MarkObjects: 5.964800 ms  DeleteObjects: 2.266900 ms)

========================================================================
Received Import Request.
  Time since last request: 28231.872326 seconds.
  path: Assets/Understone/Free Aircraft Pack/Materials/DarkBrown300503.mat
  artifactKey: Guid(711560f2dfa60cb49bdbb90c291be014) Importer(2089858483,b0f066a214c2f5e87bad3c948f4d605d)
Start importing Assets/Understone/Free Aircraft Pack/Materials/DarkBrown300503.mat using Guid(711560f2dfa60cb49bdbb90c291be014) Importer(2089858483,b0f066a214c2f5e87bad3c948f4d605d) (ScriptedImporter) -> (artifact id: 'a694c7cb2317a3923b0b0ebfd7e8ff21') in 0.1623211 seconds
Number of updated asset objects reloaded before import = 0Number of asset objects unloaded after import = 1

========================================================================
Received Import Request.
  Time since last request: 0.000032 seconds.
  path: Assets/Understone/Free Aircraft Pack/Prefabs/Cloud-A.prefab
  artifactKey: Guid(76b55aad6e7df364db5297c34df4c0bb) Importer(2089858483,b0f066a214c2f5e87bad3c948f4d605d)
Start importing Assets/Understone/Free Aircraft Pack/Prefabs/Cloud-A.prefab using Guid(76b55aad6e7df364db5297c34df4c0bb) Importer(2089858483,b0f066a214c2f5e87bad3c948f4d605d) (ScriptedImporter) -> (artifact id: 'e2da2e4cbb0f1a8c906e3d6cf83ab569') in 0.0568865 seconds
Number of updated asset objects reloaded before import = 0Number of asset objects unloaded after import = 9

========================================================================
Received Import Request.
  Time since last request: 0.000030 seconds.
  path: Assets/Understone/Free Aircraft Pack/Models/Cloud-B.fbx
  artifactKey: Guid(55e5e5bb19e9a76468cc67bbb65546c2) Importer(2089858483,b0f066a214c2f5e87bad3c948f4d605d)
Start importing Assets/Understone/Free Aircraft Pack/Models/Cloud-B.fbx using Guid(55e5e5bb19e9a76468cc67bbb65546c2) Importer(2089858483,b0f066a214c2f5e87bad3c948f4d605d) (ScriptedImporter) -> (artifact id: '9c4b9f1c323619cc8f6fbcdf05682ff3') in 0.0354899 seconds
Number of updated asset objects reloaded before import = 0Number of asset objects unloaded after import = 8

========================================================================
Received Import Request.
  Time since last request: 0.000047 seconds.
  path: Assets/Understone/Free Aircraft Pack
  artifactKey: Guid(befb3110105884f41903820c0305ff75) Importer(2089858483,b0f066a214c2f5e87bad3c948f4d605d)
Start importing Assets/Understone/Free Aircraft Pack using Guid(befb3110105884f41903820c0305ff75) Importer(2089858483,b0f066a214c2f5e87bad3c948f4d605d) (ScriptedImporter) -> (artifact id: '0ae346790877da7a6f3c3607c31273df') in 0.0042778 seconds
Number of updated asset objects reloaded before import = 0Number of asset objects unloaded after import = 1

========================================================================
Received Import Request.
  Time since last request: 0.000017 seconds.
  path: Assets/Understone/Free Aircraft Pack/Models/aircraft-A-A.fbx
  artifactKey: Guid(c98e3e55370b6eb4baa9896fa03e8926) Importer(2089858483,b0f066a214c2f5e87bad3c948f4d605d)
Start importing Assets/Understone/Free Aircraft Pack/Models/aircraft-A-A.fbx using Guid(c98e3e55370b6eb4baa9896fa03e8926) Importer(2089858483,b0f066a214c2f5e87bad3c948f4d605d) (ScriptedImporter) -> (artifact id: '31fbf5ae4a078a20316ce3e9483acabb') in 0.0174454 seconds
Number of updated asset objects reloaded before import = 0Number of asset objects unloaded after import = 29

========================================================================
Received Import Request.
  Time since last request: 0.000021 seconds.
  path: Assets/Understone/Free Aircraft Pack/Materials/DarkRed7F040D.mat
  artifactKey: Guid(66d7e2830448081499deabc55dfe8022) Importer(2089858483,b0f066a214c2f5e87bad3c948f4d605d)
Start importing Assets/Understone/Free Aircraft Pack/Materials/DarkRed7F040D.mat using Guid(66d7e2830448081499deabc55dfe8022) Importer(2089858483,b0f066a214c2f5e87bad3c948f4d605d) (ScriptedImporter) -> (artifact id: '0ac3113c088634f11463b3947c141f3e') in 0.0049149 seconds
Number of updated asset objects reloaded before import = 0Number of asset objects unloaded after import = 1

========================================================================
Received Import Request.
  Time since last request: 0.000027 seconds.
  path: Assets/Understone/Free Aircraft Pack/Scenes/Demo.unity
  artifactKey: Guid(72ca2c5f862263d41ab391046a108900) Importer(2089858483,b0f066a214c2f5e87bad3c948f4d605d)
Start importing Assets/Understone/Free Aircraft Pack/Scenes/Demo.unity using Guid(72ca2c5f862263d41ab391046a108900) Importer(2089858483,b0f066a214c2f5e87bad3c948f4d605d) (ScriptedImporter) -> (artifact id: '3853260f63f0fcee2388eeed946ff0da') in 0.0053247 seconds
Number of updated asset objects reloaded before import = 0Number of asset objects unloaded after import = 1

========================================================================
Received Import Request.
  Time since last request: 0.000030 seconds.
  path: Assets/Understone/Free Aircraft Pack/Materials/Grey101010.mat
  artifactKey: Guid(0487f522877908b43a27133ffc74a409) Importer(2089858483,b0f066a214c2f5e87bad3c948f4d605d)
Start importing Assets/Understone/Free Aircraft Pack/Materials/Grey101010.mat using Guid(0487f522877908b43a27133ffc74a409) Importer(2089858483,b0f066a214c2f5e87bad3c948f4d605d) (ScriptedImporter) -> (artifact id: '3aa0c42935c85b2bda21022787c736b5') in 0.0050169 seconds
Number of updated asset objects reloaded before import = 0Number of asset objects unloaded after import = 1

========================================================================
Received Import Request.
  Time since last request: 0.000025 seconds.
  path: Assets/Understone/Free Aircraft Pack/readme.txt
  artifactKey: Guid(7d3be7b087595ee4dbc05895482832e4) Importer(2089858483,b0f066a214c2f5e87bad3c948f4d605d)
Start importing Assets/Understone/Free Aircraft Pack/readme.txt using Guid(7d3be7b087595ee4dbc05895482832e4) Importer(2089858483,b0f066a214c2f5e87bad3c948f4d605d) (ScriptedImporter) -> (artifact id: '28c7bfd699cb0725d3af325fc36717c6') in 0.0038434 seconds
Number of updated asset objects reloaded before import = 0Number of asset objects unloaded after import = 1

========================================================================
Received Import Request.
  Time since last request: 0.000024 seconds.
  path: Assets/Understone/Free Aircraft Pack/Materials/Blue2D4D51.mat
  artifactKey: Guid(b7e405ce1ece92843a6946fc236cf1f3) Importer(2089858483,b0f066a214c2f5e87bad3c948f4d605d)
Start importing Assets/Understone/Free Aircraft Pack/Materials/Blue2D4D51.mat using Guid(b7e405ce1ece92843a6946fc236cf1f3) Importer(2089858483,b0f066a214c2f5e87bad3c948f4d605d) (ScriptedImporter) -> (artifact id: '75111a06c1c9113fa92e2c63957cf7ad') in 0.0045472 seconds
Number of updated asset objects reloaded before import = 0Number of asset objects unloaded after import = 1

========================================================================
Received Import Request.
  Time since last request: 0.000021 seconds.
  path: Assets/Understone/Free Aircraft Pack/Materials/YellowD78B1E.mat
  artifactKey: Guid(24620a2f936eafd4f9aa143575733c2d) Importer(2089858483,b0f066a214c2f5e87bad3c948f4d605d)
Start importing Assets/Understone/Free Aircraft Pack/Materials/YellowD78B1E.mat using Guid(24620a2f936eafd4f9aa143575733c2d) Importer(2089858483,b0f066a214c2f5e87bad3c948f4d605d) (ScriptedImporter) -> (artifact id: '8d85d0dc8a958cdf40c4fec276846b54') in 0.0084696 seconds
Number of updated asset objects reloaded before import = 0Number of asset objects unloaded after import = 1

========================================================================
Received Import Request.
  Time since last request: 0.000019 seconds.
  path: Assets/Understone/Free Aircraft Pack/Materials/WhiteCCCCCC.mat
  artifactKey: Guid(b00a9d5215eaca544a10ccd4b2e8aa10) Importer(2089858483,b0f066a214c2f5e87bad3c948f4d605d)
Start importing Assets/Understone/Free Aircraft Pack/Materials/WhiteCCCCCC.mat using Guid(b00a9d5215eaca544a10ccd4b2e8aa10) Importer(2089858483,b0f066a214c2f5e87bad3c948f4d605d) (ScriptedImporter) -> (artifact id: 'ba3d0c52126397df67892b2c996aeb04') in 0.0053249 seconds
Number of updated asset objects reloaded before import = 0Number of asset objects unloaded after import = 1

